<?xml version="1.0" encoding="UTF-8"?>
<testng-results ignored="0" total="1" passed="1" failed="0" skipped="0">
  <reporter-output>
  </reporter-output>
  <suite started-at="2022-12-20T18:49:13 IST" name="Default suite" finished-at="2022-12-20T18:49:14 IST" duration-ms="422">
    <groups>
    </groups>
    <test started-at="2022-12-20T18:49:13 IST" name="Default test" finished-at="2022-12-20T18:49:14 IST" duration-ms="422">
      <class name="seleniumPack1.testNG">
        <test-method signature="method1()[pri:0, instance:seleniumPack1.testNG@1da4b3f9]" started-at="2022-12-20T18:49:14 IST" name="method1" finished-at="2022-12-20T18:49:14 IST" duration-ms="78" status="PASS">
          <reporter-output>
          </reporter-output>
        </test-method> <!-- method1 -->
      </class> <!-- seleniumPack1.testNG -->
    </test> <!-- Default test -->
  </suite> <!-- Default suite -->
</testng-results>
